<?xml version="1.0" encoding="utf-8"?><testsuites name="pytest tests"><testsuite name="pytest" errors="0" failures="0" skipped="0" tests="13" time="1.950" timestamp="2026-01-17T05:30:56.882277+00:00" hostname="agent-env-15ef6ac5-343d-4ea6-a188-2ee6d04520b9"><testcase classname="tests.test_race_winner.TestAdminAuth" name="test_admin_login_success" time="0.286" /><testcase classname="tests.test_race_winner.TestAdminAuth" name="test_admin_login_invalid_credentials" time="0.037" /><testcase classname="tests.test_race_winner.TestRaceStats" name="test_get_stats_initial_state" time="0.039" /><testcase classname="tests.test_race_winner.TestRaceStats" name="test_winner_null_with_multiple_active" time="0.040" /><testcase classname="tests.test_race_winner.TestParticipants" name="test_get_all_participants" time="0.039" /><testcase classname="tests.test_race_winner.TestParticipants" name="test_filter_active_participants" time="0.044" /><testcase classname="tests.test_race_winner.TestParticipants" name="test_filter_retired_participants" time="0.037" /><testcase classname="tests.test_race_winner.TestWinnerLogic" name="test_complete_lap_all_active" time="0.472" /><testcase classname="tests.test_race_winner.TestWinnerLogic" name="test_mark_retired" time="0.418" /><testcase classname="tests.test_race_winner.TestWinnerLogic" name="test_mark_retired_already_retired" time="0.378" /><testcase classname="tests.test_race_winner.TestUnauthorizedAccess" name="test_complete_lap_unauthorized" time="0.038" /><testcase classname="tests.test_race_winner.TestUnauthorizedAccess" name="test_mark_retired_unauthorized" time="0.035" /><testcase classname="tests.test_race_winner.TestUnauthorizedAccess" name="test_set_current_lap_unauthorized" time="0.037" /></testsuite></testsuites>