<?xml version="1.0" encoding="utf-8"?><testsuites name="pytest tests"><testsuite name="pytest" errors="0" failures="0" skipped="0" tests="8" time="2.584" timestamp="2026-02-12T15:13:20.635511+00:00" hostname="agent-env-4bf86ad0-20e1-4fa2-8d6d-b3fef9ba8c44"><testcase classname="backend.tests.test_auto_claim_anti_duplicate.TestAutoClaim" name="test_01_register_with_matching_email_auto_claims" time="0.762" /><testcase classname="backend.tests.test_auto_claim_anti_duplicate.TestAutoClaim" name="test_02_register_non_matching_email_no_autoclaim" time="0.756" /><testcase classname="backend.tests.test_auto_claim_anti_duplicate.TestAutoClaim" name="test_03_autoclaim_marks_participant_correctly" time="0.002" /><testcase classname="backend.tests.test_auto_claim_anti_duplicate.TestAntiDuplicate" name="test_04_existing_athlete_login" time="0.066" /><testcase classname="backend.tests.test_auto_claim_anti_duplicate.TestAntiDuplicate" name="test_05_cannot_claim_second_2026_result" time="0.016" /><testcase classname="backend.tests.test_auto_claim_anti_duplicate.TestAntiDuplicate" name="test_06_first_claim_works_for_athlete_without_claims" time="0.754" /><testcase classname="backend.tests.test_auto_claim_anti_duplicate.TestRaceHistoryWithAutoClaim" name="test_07_race_history_shows_autoclaimed_result" time="0.092" /><testcase classname="backend.tests.test_auto_claim_anti_duplicate.TestCleanup" name="test_99_cleanup" time="0.005" /></testsuite></testsuites>