<?xml version="1.0" encoding="utf-8"?><testsuites name="pytest tests"><testsuite name="pytest" errors="0" failures="0" skipped="0" tests="14" time="0.911" timestamp="2026-02-02T03:10:59.091114+00:00" hostname="agent-env-84eebc4e-1083-4897-9cbc-434e842bdd39"><testcase classname="backend.tests.test_qr_scan.TestQRScanRaceStatus" name="test_race_status_returns_200" time="0.104" /><testcase classname="backend.tests.test_qr_scan.TestQRScanRaceStatus" name="test_race_status_has_required_fields" time="0.046" /><testcase classname="backend.tests.test_qr_scan.TestQRScanAthleteEndpoint" name="test_athlete_not_found_returns_404" time="0.043" /><testcase classname="backend.tests.test_qr_scan.TestQRScanAthleteEndpoint" name="test_athlete_found_returns_scan_result" time="0.040" /><testcase classname="backend.tests.test_qr_scan.TestQRScanAthleteEndpoint" name="test_athlete_with_numeric_bib" time="0.043" /><testcase classname="backend.tests.test_qr_scan.TestQRScanConfirmLap" name="test_confirm_lap_missing_bib_returns_error" time="0.040" /><testcase classname="backend.tests.test_qr_scan.TestQRScanConfirmLap" name="test_confirm_lap_nonexistent_bib_returns_404" time="0.037" /><testcase classname="backend.tests.test_qr_scan.TestQRScanConfirmLap" name="test_confirm_lap_with_existing_athlete" time="0.118" /><testcase classname="backend.tests.test_qr_scan.TestQRScanConfirmLap" name="test_force_dnf_with_existing_athlete" time="0.080" /><testcase classname="backend.tests.test_qr_scan.TestQRScanGenerateQR" name="test_generate_qr_nonexistent_bib_returns_404" time="0.038" /><testcase classname="backend.tests.test_qr_scan.TestQRScanGenerateQR" name="test_generate_qr_with_existing_athlete" time="0.069" /><testcase classname="backend.tests.test_qr_scan.TestQRCodeImage" name="test_qr_image_nonexistent_returns_404" time="0.042" /><testcase classname="backend.tests.test_qr_scan.TestQRCodeImage" name="test_qr_image_after_generation" time="0.104" /><testcase classname="backend.tests.test_qr_scan.TestQRScanNoActiveRace" name="test_race_status_no_active_race" time="0.036" /></testsuite></testsuites>