<?xml version="1.0" encoding="utf-8"?><testsuites name="pytest tests"><testsuite name="pytest" errors="0" failures="0" skipped="0" tests="18" time="1.816" timestamp="2026-02-02T16:41:36.736223+00:00" hostname="agent-env-33a4382c-5ae2-481b-aa2a-de5102696abb"><testcase classname="backend.tests.test_page_visibility_and_templates.TestPageVisibility" name="test_page_visibility_endpoint_returns_200" time="0.081" /><testcase classname="backend.tests.test_page_visibility_and_templates.TestPageVisibility" name="test_page_visibility_returns_show_tracking_page" time="0.047" /><testcase classname="backend.tests.test_page_visibility_and_templates.TestPageVisibility" name="test_page_visibility_returns_show_community_page" time="0.043" /><testcase classname="backend.tests.test_page_visibility_and_templates.TestPageVisibility" name="test_page_visibility_returns_race_name" time="0.043" /><testcase classname="backend.tests.test_page_visibility_and_templates.TestPageVisibility" name="test_page_visibility_returns_race_code" time="0.041" /><testcase classname="backend.tests.test_page_visibility_and_templates.TestEmailTemplatesLoading" name="test_email_templates_endpoint_returns_200" time="0.045" /><testcase classname="backend.tests.test_page_visibility_and_templates.TestEmailTemplatesLoading" name="test_email_templates_returns_list" time="0.041" /><testcase classname="backend.tests.test_page_visibility_and_templates.TestEmailTemplatesLoading" name="test_email_templates_have_required_fields" time="0.043" /><testcase classname="backend.tests.test_page_visibility_and_templates.TestEmailTemplatesLoading" name="test_payment_receipt_received_template_exists" time="0.046" /><testcase classname="backend.tests.test_page_visibility_and_templates.TestEmailTemplatesLoading" name="test_payment_receipt_received_has_correct_fields" time="0.042" /><testcase classname="backend.tests.test_page_visibility_and_templates.TestGetTemplateById" name="test_get_existing_template_returns_200" time="0.037" /><testcase classname="backend.tests.test_page_visibility_and_templates.TestGetTemplateById" name="test_get_nonexistent_template_returns_404" time="0.042" /><testcase classname="backend.tests.test_page_visibility_and_templates.TestGetTemplateById" name="test_get_template_returns_correct_structure" time="0.043" /><testcase classname="backend.tests.test_page_visibility_and_templates.TestGetTemplateById" name="test_get_multiple_templates_by_id" time="0.164" /><testcase classname="backend.tests.test_page_visibility_and_templates.TestPageVisibilityUpdate" name="test_update_page_visibility_requires_auth" time="0.042" /><testcase classname="backend.tests.test_page_visibility_and_templates.TestPageVisibilityUpdate" name="test_update_show_tracking_page" time="0.430" /><testcase classname="backend.tests.test_page_visibility_and_templates.TestPageVisibilityUpdate" name="test_update_show_community_page" time="0.415" /><testcase classname="backend.tests.test_page_visibility_and_templates.TestAllExpectedTemplates" name="test_all_expected_templates_exist" time="0.043" /></testsuite></testsuites>