<?xml version="1.0" encoding="utf-8"?><testsuites name="pytest tests"><testsuite name="pytest" errors="0" failures="0" skipped="0" tests="20" time="0.980" timestamp="2026-01-31T17:52:13.818982+00:00" hostname="agent-env-a5930e45-57c0-43ad-b215-3fdd6061cab2"><testcase classname="tests.test_race_control_registrations.TestRaceStatsWithRegistrations" name="test_stats_endpoint_returns_200" time="0.084" /><testcase classname="tests.test_race_control_registrations.TestRaceStatsWithRegistrations" name="test_stats_response_structure" time="0.046" /><testcase classname="tests.test_race_control_registrations.TestRaceStatsWithRegistrations" name="test_stats_athletes_active_from_registrations" time="0.043" /><testcase classname="tests.test_race_control_registrations.TestRaceStatsWithRegistrations" name="test_stats_without_race_code_uses_active_race" time="0.044" /><testcase classname="tests.test_race_control_registrations.TestRaceStatsWithRegistrations" name="test_stats_numeric_values" time="0.040" /><testcase classname="tests.test_race_control_registrations.TestRaceParticipantsWithRegistrations" name="test_participants_endpoint_returns_200" time="0.042" /><testcase classname="tests.test_race_control_registrations.TestRaceParticipantsWithRegistrations" name="test_participants_returns_list" time="0.042" /><testcase classname="tests.test_race_control_registrations.TestRaceParticipantsWithRegistrations" name="test_participants_from_registrations_have_active_status" time="0.047" /><testcase classname="tests.test_race_control_registrations.TestRaceParticipantsWithRegistrations" name="test_participants_have_required_fields" time="0.041" /><testcase classname="tests.test_race_control_registrations.TestRaceParticipantsWithRegistrations" name="test_participants_exclude_pre_registered" time="0.042" /><testcase classname="tests.test_race_control_registrations.TestRaceParticipantsWithRegistrations" name="test_participants_have_bib_assigned" time="0.038" /><testcase classname="tests.test_race_control_registrations.TestRaceParticipantsWithRegistrations" name="test_test_participant_in_list" time="0.039" /><testcase classname="tests.test_race_control_registrations.TestRaceParticipantsWithRegistrations" name="test_participants_filter_by_status" time="0.041" /><testcase classname="tests.test_race_control_registrations.TestRaceParticipantsWithRegistrations" name="test_participants_search_by_name" time="0.042" /><testcase classname="tests.test_race_control_registrations.TestRegistrationStatusChange" name="test_active_registration_appears_in_stats" time="0.040" /><testcase classname="tests.test_race_control_registrations.TestRegistrationStatusChange" name="test_active_registration_appears_in_participants" time="0.038" /><testcase classname="tests.test_race_control_registrations.TestFallbackToOldParticipants" name="test_stats_with_nonexistent_race_code" time="0.036" /><testcase classname="tests.test_race_control_registrations.TestFallbackToOldParticipants" name="test_participants_with_nonexistent_race_code" time="0.039" /><testcase classname="tests.test_race_control_registrations.TestRaceControlPanelIntegration" name="test_stats_and_participants_consistency" time="0.078" /><testcase classname="tests.test_race_control_registrations.TestRaceControlPanelIntegration" name="test_participant_data_completeness" time="0.043" /></testsuite></testsuites>