<?xml version="1.0" encoding="utf-8"?><testsuites name="pytest tests"><testsuite name="pytest" errors="0" failures="0" skipped="0" tests="18" time="1.847" timestamp="2026-02-11T03:56:55.860678+00:00" hostname="agent-env-8eb0f361-2030-45d2-92b4-9a94260a4112"><testcase classname="backend.tests.test_athlete_profile.TestAthleteAuth" name="test_login_success" time="0.080" /><testcase classname="backend.tests.test_athlete_profile.TestAthleteAuth" name="test_login_wrong_password" time="0.064" /><testcase classname="backend.tests.test_athlete_profile.TestAthleteAuth" name="test_login_wrong_email" time="0.033" /><testcase classname="backend.tests.test_athlete_profile.TestAthleteProfile" name="test_get_profile" time="0.101" /><testcase classname="backend.tests.test_athlete_profile.TestAthleteProfile" name="test_get_profile_no_auth" time="0.097" /><testcase classname="backend.tests.test_athlete_profile.TestAthleteProfile" name="test_update_profile" time="0.210" /><testcase classname="backend.tests.test_athlete_profile.TestMyRaces" name="test_get_my_races" time="0.100" /><testcase classname="backend.tests.test_athlete_profile.TestSearch2026Results" name="test_search_by_nombre" time="0.098" /><testcase classname="backend.tests.test_athlete_profile.TestSearch2026Results" name="test_search_by_bib" time="0.097" /><testcase classname="backend.tests.test_athlete_profile.TestSearch2026Results" name="test_search_hamlet" time="0.100" /><testcase classname="backend.tests.test_athlete_profile.TestSearch2026Results" name="test_search_carlos_multiple_results" time="0.098" /><testcase classname="backend.tests.test_athlete_profile.TestSearch2026Results" name="test_search_too_short" time="0.101" /><testcase classname="backend.tests.test_athlete_profile.TestSearch2026Results" name="test_search_no_results" time="0.108" /><testcase classname="backend.tests.test_athlete_profile.TestRaceHistory" name="test_get_race_history" time="0.101" /><testcase classname="backend.tests.test_athlete_profile.TestRaceHistory" name="test_race_history_includes_claimed" time="0.098" /><testcase classname="backend.tests.test_athlete_profile.TestClaimResult" name="test_claim_already_claimed_result" time="0.100" /><testcase classname="backend.tests.test_athlete_profile.TestClaimResult" name="test_claim_invalid_result_id" time="0.102" /><testcase classname="backend.tests.test_athlete_profile.TestClaimResult" name="test_claim_nonexistent_result" time="0.102" /></testsuite></testsuites>