<?xml version="1.0" encoding="utf-8"?><testsuites name="pytest tests"><testsuite name="pytest" errors="0" failures="0" skipped="0" tests="27" time="11.214" timestamp="2026-01-31T18:15:24.895422+00:00" hostname="agent-env-a5930e45-57c0-43ad-b215-3fdd6061cab2"><testcase classname="backend.tests.test_race_code_scoped_endpoints.TestRaceCodeScopedEndpoints" name="test_reset_database_requires_confirmation" time="0.319" /><testcase classname="backend.tests.test_race_code_scoped_endpoints.TestRaceCodeScopedEndpoints" name="test_reset_database_returns_race_code" time="0.274" /><testcase classname="backend.tests.test_race_code_scoped_endpoints.TestRaceCodeScopedEndpoints" name="test_reset_database_scoped_to_active_race" time="0.274" /><testcase classname="backend.tests.test_race_code_scoped_endpoints.TestRaceCodeScopedEndpoints" name="test_reset_cheers_requires_confirmation" time="0.281" /><testcase classname="backend.tests.test_race_code_scoped_endpoints.TestRaceCodeScopedEndpoints" name="test_reset_cheers_returns_race_code" time="0.318" /><testcase classname="backend.tests.test_race_code_scoped_endpoints.TestRaceCodeScopedEndpoints" name="test_reset_subscriptions_requires_confirmation" time="0.268" /><testcase classname="backend.tests.test_race_code_scoped_endpoints.TestRaceCodeScopedEndpoints" name="test_reset_subscriptions_returns_race_code" time="0.275" /><testcase classname="backend.tests.test_race_code_scoped_endpoints.TestRaceCodeScopedEndpoints" name="test_subscribe_includes_race_code" time="1.767" /><testcase classname="backend.tests.test_race_code_scoped_endpoints.TestRaceCodeScopedEndpoints" name="test_subscribe_update_existing" time="0.963" /><testcase classname="backend.tests.test_race_code_scoped_endpoints.TestRaceCodeScopedEndpoints" name="test_cheer_includes_race_code" time="0.466" /><testcase classname="backend.tests.test_race_code_scoped_endpoints.TestRaceCodeScopedEndpoints" name="test_cheer_validates_message_length" time="0.286" /><testcase classname="backend.tests.test_race_code_scoped_endpoints.TestRaceCodeScopedEndpoints" name="test_cheer_validates_fan_name_length" time="0.273" /><testcase classname="backend.tests.test_race_code_scoped_endpoints.TestRaceCodeScopedEndpoints" name="test_cheer_validates_athlete_exists" time="0.273" /><testcase classname="backend.tests.test_race_code_scoped_endpoints.TestRaceCodeScopedEndpoints" name="test_send_runner_emails_requires_auth" time="0.295" /><testcase classname="backend.tests.test_race_code_scoped_endpoints.TestRaceCodeScopedEndpoints" name="test_send_runner_emails_returns_race_code" time="0.924" /><testcase classname="backend.tests.test_race_code_scoped_endpoints.TestRaceCodeScopedEndpoints" name="test_full_flow_subscribe_cheer_reset" time="1.159" /><testcase classname="backend.tests.test_race_code_scoped_endpoints.TestRaceCodeScopedEndpoints" name="test_stats_after_reset_database" time="0.315" /><testcase classname="backend.tests.test_race_code_scoped_endpoints.TestRaceCodeScopedEndpoints" name="test_participants_after_reset_database" time="0.270" /><testcase classname="backend.tests.test_race_code_scoped_endpoints.TestEndpointAuthentication" name="test_reset_database_requires_auth" time="0.037" /><testcase classname="backend.tests.test_race_code_scoped_endpoints.TestEndpointAuthentication" name="test_reset_cheers_requires_auth" time="0.079" /><testcase classname="backend.tests.test_race_code_scoped_endpoints.TestEndpointAuthentication" name="test_reset_subscriptions_requires_auth" time="0.038" /><testcase classname="backend.tests.test_race_code_scoped_endpoints.TestEndpointAuthentication" name="test_subscribe_no_auth_required" time="0.742" /><testcase classname="backend.tests.test_race_code_scoped_endpoints.TestEndpointAuthentication" name="test_cheer_no_auth_required" time="0.161" /><testcase classname="backend.tests.test_race_code_scoped_endpoints.TestErrorHandling" name="test_subscribe_empty_athletes" time="0.274" /><testcase classname="backend.tests.test_race_code_scoped_endpoints.TestErrorHandling" name="test_reset_database_empty_confirmation" time="0.287" /><testcase classname="backend.tests.test_race_code_scoped_endpoints.TestErrorHandling" name="test_reset_cheers_empty_confirmation" time="0.266" /><testcase classname="backend.tests.test_race_code_scoped_endpoints.TestErrorHandling" name="test_reset_subscriptions_empty_confirmation" time="0.269" /></testsuite></testsuites>