<?xml version="1.0" encoding="utf-8"?><testsuites name="pytest tests"><testsuite name="pytest" errors="0" failures="0" skipped="0" tests="18" time="1.705" timestamp="2026-02-11T05:17:07.280457+00:00" hostname="agent-env-8eb0f361-2030-45d2-92b4-9a94260a4112"><testcase classname="backend.tests.test_athlete_profile_extended.TestAthleteAuth" name="test_login_success" time="0.111" /><testcase classname="backend.tests.test_athlete_profile_extended.TestAthleteAuth" name="test_login_wrong_password" time="0.079" /><testcase classname="backend.tests.test_athlete_profile_extended.TestAthleteAuth" name="test_login_nonexistent_email" time="0.053" /><testcase classname="backend.tests.test_athlete_profile_extended.TestProfileExtendedFields" name="test_profile_returns_personal_fields" time="0.093" /><testcase classname="backend.tests.test_athlete_profile_extended.TestProfileExtendedFields" name="test_profile_returns_medical_fields" time="0.052" /><testcase classname="backend.tests.test_athlete_profile_extended.TestProfileExtendedFields" name="test_profile_returns_emergency_fields" time="0.011" /><testcase classname="backend.tests.test_athlete_profile_extended.TestProfileExtendedFields" name="test_profile_returns_preferences_fields" time="0.011" /><testcase classname="backend.tests.test_athlete_profile_extended.TestProfileExtendedFields" name="test_profile_returns_profile_complete_flag" time="0.052" /><testcase classname="backend.tests.test_athlete_profile_extended.TestProfileUpdate" name="test_update_medical_fields" time="0.064" /><testcase classname="backend.tests.test_athlete_profile_extended.TestProfileUpdate" name="test_update_emergency_contact" time="0.060" /><testcase classname="backend.tests.test_athlete_profile_extended.TestProfileUpdate" name="test_update_preferences" time="0.061" /><testcase classname="backend.tests.test_athlete_profile_extended.TestRaceInscription" name="test_my_races_endpoint" time="0.051" /><testcase classname="backend.tests.test_athlete_profile_extended.TestRaceInscription" name="test_register_race_requires_profile_fields" time="0.063" /><testcase classname="backend.tests.test_athlete_profile_extended.TestHistoryAndClaim" name="test_search_2026_results" time="0.010" /><testcase classname="backend.tests.test_athlete_profile_extended.TestHistoryAndClaim" name="test_search_2026_requires_min_chars" time="0.051" /><testcase classname="backend.tests.test_athlete_profile_extended.TestHistoryAndClaim" name="test_race_history_endpoint" time="0.012" /><testcase classname="backend.tests.test_athlete_profile_extended.TestRegisterModel" name="test_register_endpoint_exists" time="0.010" /><testcase classname="backend.tests.test_athlete_profile_extended.TestRegisterModel" name="test_register_validates_password_length" time="0.731" /></testsuite></testsuites>