<?xml version="1.0" encoding="utf-8"?><testsuites name="pytest tests"><testsuite name="pytest" errors="0" failures="0" skipped="0" tests="9" time="0.955" timestamp="2026-02-01T15:43:02.637279+00:00" hostname="agent-env-7f9b37cc-dd04-49bd-8602-c47c76840c47"><testcase classname="backend.tests.test_volunteer_edit_mode.TestVolunteerByToken" name="test_get_registration_by_valid_token" time="0.102" /><testcase classname="backend.tests.test_volunteer_edit_mode.TestVolunteerByToken" name="test_get_registration_by_invalid_token" time="0.048" /><testcase classname="backend.tests.test_volunteer_edit_mode.TestVolunteerByToken" name="test_get_registration_empty_token" time="0.040" /><testcase classname="backend.tests.test_volunteer_edit_mode.TestVolunteerUpdate" name="test_update_registration_with_valid_token" time="0.181" /><testcase classname="backend.tests.test_volunteer_edit_mode.TestVolunteerUpdate" name="test_update_registration_with_invalid_token" time="0.041" /><testcase classname="backend.tests.test_volunteer_edit_mode.TestVolunteerUpdate" name="test_update_slots_interes" time="0.188" /><testcase classname="backend.tests.test_volunteer_edit_mode.TestVolunteerUpdate" name="test_update_missing_required_fields" time="0.043" /><testcase classname="backend.tests.test_volunteer_edit_mode.TestAvailableSlots" name="test_get_available_slots" time="0.035" /><testcase classname="backend.tests.test_volunteer_edit_mode.TestEditModeIntegration" name="test_full_edit_flow" time="0.163" /></testsuite></testsuites>