<?xml version="1.0" encoding="utf-8"?><testsuites name="pytest tests"><testsuite name="pytest" errors="0" failures="0" skipped="0" tests="11" time="5.080" timestamp="2026-02-01T21:53:24.919411+00:00" hostname="agent-env-fdb54ea1-eecc-4cce-8659-116542acd550"><testcase classname="backend.tests.test_manual_notifications.TestManualNotifications" name="test_get_runners_notification_count" time="0.346" /><testcase classname="backend.tests.test_manual_notifications.TestManualNotifications" name="test_get_volunteers_notification_count" time="0.307" /><testcase classname="backend.tests.test_manual_notifications.TestManualNotifications" name="test_notify_runners_manual_success" time="0.834" /><testcase classname="backend.tests.test_manual_notifications.TestManualNotifications" name="test_notify_volunteers_manual_success" time="1.269" /><testcase classname="backend.tests.test_manual_notifications.TestManualNotifications" name="test_notify_runners_requires_auth" time="0.309" /><testcase classname="backend.tests.test_manual_notifications.TestManualNotifications" name="test_notify_volunteers_requires_auth" time="0.304" /><testcase classname="backend.tests.test_manual_notifications.TestManualNotifications" name="test_notify_runners_invalid_race_code" time="0.299" /><testcase classname="backend.tests.test_manual_notifications.TestManualNotifications" name="test_notify_volunteers_invalid_race_code" time="0.302" /><testcase classname="backend.tests.test_manual_notifications.TestManualNotifications" name="test_count_endpoints_require_auth" time="0.384" /><testcase classname="backend.tests.test_manual_notifications.TestManualNotificationPrerequisites" name="test_race_has_runners_manual" time="0.307" /><testcase classname="backend.tests.test_manual_notifications.TestManualNotificationPrerequisites" name="test_race_has_volunteers_manual" time="0.295" /></testsuite></testsuites>