<?xml version="1.0" encoding="utf-8"?><testsuites name="pytest tests"><testsuite name="pytest" errors="0" failures="0" skipped="0" tests="11" time="1.460" timestamp="2026-07-20T17:27:10.933773+00:00" hostname="agent-env-b3320467-642f-40f8-a2bd-0290573d30e8"><testcase classname="backend.tests.test_volunteer_evento.TestPositionsEvento" name="test_get_positions_carrera_returns_legacy" time="0.203" /><testcase classname="backend.tests.test_volunteer_evento.TestPositionsEvento" name="test_get_positions_campeonato_initially_empty_or_no_carrera" time="0.053" /><testcase classname="backend.tests.test_volunteer_evento.TestPositionsEvento" name="test_create_campeonato_position_and_verify_isolation" time="0.253" /><testcase classname="backend.tests.test_volunteer_evento.TestPositionsEvento" name="test_available_slots_filter_by_evento" time="0.101" /><testcase classname="backend.tests.test_volunteer_evento.TestPositionsEvento" name="test_update_campeonato_position" time="0.098" /><testcase classname="backend.tests.test_volunteer_evento.TestPositionsEvento" name="test_delete_campeonato_cleans_slots_only_for_that_event" time="0.199" /><testcase classname="backend.tests.test_volunteer_evento.TestVolunteerEventoUpdate" name="test_update_nonexistent_volunteer_evento_returns_404" time="0.052" /><testcase classname="backend.tests.test_volunteer_evento.TestVolunteerEventoUpdate" name="test_admin_registrations_returns_evento_field" time="0.054" /><testcase classname="backend.tests.test_volunteer_evento.TestSlotsEventoFilter" name="test_slots_no_filter_returns_all" time="0.059" /><testcase classname="backend.tests.test_volunteer_evento.TestSlotsEventoFilter" name="test_slots_carrera_returns_legacy" time="0.049" /><testcase classname="backend.tests.test_volunteer_evento.TestSlotsEventoFilter" name="test_slots_invalid_evento_returns_all" time="0.158" /></testsuite></testsuites>