<?xml version="1.0" encoding="utf-8"?><testsuites name="pytest tests"><testsuite name="pytest" errors="0" failures="0" skipped="0" tests="15" time="52.988" timestamp="2026-01-26T14:14:46.321075+00:00" hostname="agent-env-be10d63d-800f-4495-a796-6f340711106c"><testcase classname="backend.tests.test_surveys.TestSurveyStats" name="test_stats_endpoint_returns_200" time="52.018" /><testcase classname="backend.tests.test_surveys.TestSurveyStats" name="test_stats_returns_correct_structure" time="0.072" /><testcase classname="backend.tests.test_surveys.TestAthletesSurvey" name="test_submit_athletes_survey_success" time="0.066" /><testcase classname="backend.tests.test_surveys.TestAthletesSurvey" name="test_submit_athletes_survey_minimal_fields" time="0.077" /><testcase classname="backend.tests.test_surveys.TestAthletesSurvey" name="test_submit_athletes_survey_missing_required_field" time="0.063" /><testcase classname="backend.tests.test_surveys.TestAthletesSurvey" name="test_submit_athletes_survey_invalid_rating" time="0.041" /><testcase classname="backend.tests.test_surveys.TestVolunteersSurvey" name="test_submit_volunteers_survey_success" time="0.064" /><testcase classname="backend.tests.test_surveys.TestVolunteersSurvey" name="test_submit_volunteers_survey_minimal_fields" time="0.038" /><testcase classname="backend.tests.test_surveys.TestSpectatorsSurvey" name="test_submit_spectators_survey_success" time="0.062" /><testcase classname="backend.tests.test_surveys.TestSpectatorsSurvey" name="test_submit_spectators_survey_minimal_fields" time="0.039" /><testcase classname="backend.tests.test_surveys.TestSurveyResponses" name="test_get_athletes_responses" time="0.039" /><testcase classname="backend.tests.test_surveys.TestSurveyResponses" name="test_get_volunteers_responses" time="0.038" /><testcase classname="backend.tests.test_surveys.TestSurveyResponses" name="test_get_spectators_responses" time="0.039" /><testcase classname="backend.tests.test_surveys.TestSurveyStatsAfterSubmission" name="test_stats_increment_after_athlete_survey" time="0.118" /><testcase classname="backend.tests.test_surveys.TestNavigationLinks" name="test_encuesta_page_loads" time="0.036" /></testsuite></testsuites>