<?xml version="1.0" encoding="utf-8"?><testsuites name="pytest tests"><testsuite name="pytest" errors="0" failures="0" skipped="0" tests="21" time="1.484" timestamp="2026-01-31T17:37:47.146763+00:00" hostname="agent-env-a5930e45-57c0-43ad-b215-3fdd6061cab2"><testcase classname="tests.test_pre_registration_admin.TestPreRegistrationAdminList" name="test_list_registrations_returns_200" time="0.083" /><testcase classname="tests.test_pre_registration_admin.TestPreRegistrationAdminList" name="test_list_registrations_structure" time="0.045" /><testcase classname="tests.test_pre_registration_admin.TestPreRegistrationAdminList" name="test_list_registrations_excludes_mongodb_id" time="0.041" /><testcase classname="tests.test_pre_registration_admin.TestPreRegistrationAdminList" name="test_list_registrations_excludes_edit_token" time="0.043" /><testcase classname="tests.test_pre_registration_admin.TestPreRegistrationAdminList" name="test_list_registrations_contains_participant" time="0.043" /><testcase classname="tests.test_pre_registration_admin.TestPreRegistrationAdminStats" name="test_stats_returns_200" time="0.082" /><testcase classname="tests.test_pre_registration_admin.TestPreRegistrationAdminStats" name="test_stats_structure" time="0.042" /><testcase classname="tests.test_pre_registration_admin.TestPreRegistrationAdminStats" name="test_stats_talla_distribution" time="0.043" /><testcase classname="tests.test_pre_registration_admin.TestPreRegistrationAdminStats" name="test_stats_values_are_integers" time="0.045" /><testcase classname="tests.test_pre_registration_admin.TestPreRegistrationAdminNextBib" name="test_next_bib_returns_200" time="0.041" /><testcase classname="tests.test_pre_registration_admin.TestPreRegistrationAdminNextBib" name="test_next_bib_structure" time="0.043" /><testcase classname="tests.test_pre_registration_admin.TestPreRegistrationAdminGetSingle" name="test_get_registration_returns_200" time="0.048" /><testcase classname="tests.test_pre_registration_admin.TestPreRegistrationAdminGetSingle" name="test_get_registration_structure" time="0.039" /><testcase classname="tests.test_pre_registration_admin.TestPreRegistrationAdminGetSingle" name="test_get_registration_excludes_sensitive_data" time="0.039" /><testcase classname="tests.test_pre_registration_admin.TestPreRegistrationAdminGetSingle" name="test_get_registration_not_found" time="0.038" /><testcase classname="tests.test_pre_registration_admin.TestPreRegistrationAdminUpdate" name="test_update_bib_returns_200" time="0.122" /><testcase classname="tests.test_pre_registration_admin.TestPreRegistrationAdminUpdate" name="test_update_status_returns_200" time="0.209" /><testcase classname="tests.test_pre_registration_admin.TestPreRegistrationAdminUpdate" name="test_update_payment_status_returns_200" time="0.161" /><testcase classname="tests.test_pre_registration_admin.TestPreRegistrationAdminUpdate" name="test_update_not_found" time="0.039" /><testcase classname="tests.test_pre_registration_admin.TestPreRegistrationAdminUpdate" name="test_update_empty_body_returns_400" time="0.038" /><testcase classname="tests.test_pre_registration_admin.TestPreRegistrationAdminBibUniqueness" name="test_duplicate_bib_returns_400" time="0.000" /></testsuite></testsuites>