<?xml version="1.0" encoding="utf-8"?><testsuites name="pytest tests"><testsuite name="pytest" errors="0" failures="0" skipped="0" tests="15" time="3.284" timestamp="2026-01-18T15:51:34.429871+00:00" hostname="agent-env-db70de71-a869-409b-bf89-5fcf942897d5"><testcase classname="tests.test_new_features.TestDNFLogic" name="test_dnf_does_not_increment_laps" time="0.500" /><testcase classname="tests.test_new_features.TestRevertLapWithDNF" name="test_revert_lap_reactivates_dnf_with_same_laps" time="1.369" /><testcase classname="tests.test_new_features.TestFollowersCountAPI" name="test_followers_count_requires_auth" time="0.038" /><testcase classname="tests.test_new_features.TestFollowersCountAPI" name="test_followers_count_returns_dict" time="0.034" /><testcase classname="tests.test_new_features.TestFollowersCountAPI" name="test_followers_count_after_subscription" time="0.676" /><testcase classname="tests.test_new_features.TestCheerMessages" name="test_submit_cheer_message" time="0.076" /><testcase classname="tests.test_new_features.TestCheerMessages" name="test_submit_cheer_invalid_athlete" time="0.037" /><testcase classname="tests.test_new_features.TestCheerMessages" name="test_submit_cheer_message_too_long" time="0.038" /><testcase classname="tests.test_new_features.TestCheerMessages" name="test_submit_cheer_fan_name_too_long" time="0.033" /><testcase classname="tests.test_new_features.TestCheerMessages" name="test_get_cheer_messages_feed" time="0.035" /><testcase classname="tests.test_new_features.TestCheerMessages" name="test_get_cheer_messages_with_limit" time="0.039" /><testcase classname="tests.test_new_features.TestCheerMessages" name="test_get_cheer_messages_by_athlete" time="0.035" /><testcase classname="tests.test_new_features.TestCheerMessages" name="test_get_cheer_count" time="0.033" /><testcase classname="tests.test_new_features.TestCheerMessageFlow" name="test_complete_cheer_flow" time="0.190" /><testcase classname="tests.test_new_features.TestAdminPanelFollowersCount" name="test_admin_can_see_followers" time="0.036" /></testsuite></testsuites>