<?xml version="1.0" encoding="utf-8"?><testsuites name="pytest tests"><testsuite name="pytest" errors="0" failures="0" skipped="0" tests="14" time="1.453" timestamp="2026-02-12T13:32:57.930542+00:00" hostname="agent-env-4bf86ad0-20e1-4fa2-8d6d-b3fef9ba8c44"><testcase classname="backend.tests.test_legacy_cheer_messages.TestAthleteLogin" name="test_login_with_primary_test_account" time="0.140" /><testcase classname="backend.tests.test_legacy_cheer_messages.TestAthleteLogin" name="test_login_with_secondary_test_account" time="0.071" /><testcase classname="backend.tests.test_legacy_cheer_messages.TestAthleteLogin" name="test_login_invalid_credentials" time="0.043" /><testcase classname="backend.tests.test_legacy_cheer_messages.TestLegacyCheerMessages" name="test_returns_legacy_messages_without_race_code" time="0.152" /><testcase classname="backend.tests.test_legacy_cheer_messages.TestLegacyCheerMessages" name="test_combines_archived_and_legacy_messages" time="0.115" /><testcase classname="backend.tests.test_legacy_cheer_messages.TestLegacyCheerMessages" name="test_handles_bib_type_variations" time="0.107" /><testcase classname="backend.tests.test_legacy_cheer_messages.TestLegacyCheerMessages" name="test_race_code_assigned_to_2026" time="0.115" /><testcase classname="backend.tests.test_legacy_cheer_messages.TestLegacyCheerMessages" name="test_races_list_includes_2026" time="0.114" /><testcase classname="backend.tests.test_legacy_cheer_messages.TestNonArchivedRaces" name="test_current_race_messages" time="0.114" /><testcase classname="backend.tests.test_legacy_cheer_messages.TestDebugEndpoint" name="test_debug_endpoint_returns_collection_stats" time="0.048" /><testcase classname="backend.tests.test_legacy_cheer_messages.TestDebugEndpoint" name="test_debug_bib_variants" time="0.044" /><testcase classname="backend.tests.test_legacy_cheer_messages.TestMessageOrdering" name="test_messages_sorted_by_date_descending" time="0.110" /><testcase classname="backend.tests.test_legacy_cheer_messages.TestEdgeCases" name="test_unauthenticated_request_rejected" time="0.042" /><testcase classname="backend.tests.test_legacy_cheer_messages.TestEdgeCases" name="test_invalid_token_rejected" time="0.042" /></testsuite></testsuites>