<?xml version="1.0" encoding="utf-8"?><testsuites name="pytest tests"><testsuite name="pytest" errors="0" failures="0" skipped="0" tests="11" time="3.383" timestamp="2026-06-08T15:23:53.580126+00:00" hostname="agent-env-4f901c6b-d272-4889-947d-9301abceb7a4"><testcase classname="backend.tests.test_admin_email_composer.TestAuthRequired" name="test_preview_requires_auth" time="0.213" /><testcase classname="backend.tests.test_admin_email_composer.TestAuthRequired" name="test_recipients_requires_auth" time="0.145" /><testcase classname="backend.tests.test_admin_email_composer.TestAuthRequired" name="test_send_requires_auth" time="0.196" /><testcase classname="backend.tests.test_admin_email_composer.TestEmailPreview" name="test_preview_substitutes_all_variables" time="0.528" /><testcase classname="backend.tests.test_admin_email_composer.TestEmailPreview" name="test_preview_keeps_html_formatting" time="0.242" /><testcase classname="backend.tests.test_admin_email_composer.TestRecipientFilters" name="test_recipients_all_athletes" time="0.164" /><testcase classname="backend.tests.test_admin_email_composer.TestRecipientFilters" name="test_recipients_manual" time="0.111" /><testcase classname="backend.tests.test_admin_email_composer.TestRecipientFilters" name="test_recipients_manual_empty_returns_zero" time="0.112" /><testcase classname="backend.tests.test_admin_email_composer.TestRecipientFilters" name="test_recipients_volunteers" time="0.238" /><testcase classname="backend.tests.test_admin_email_composer.TestSendEmail" name="test_send_with_manual_single_test_email" time="1.091" /><testcase classname="backend.tests.test_admin_email_composer.TestSendEmail" name="test_send_no_recipients_returns_400" time="0.151" /></testsuite></testsuites>