<?xml version="1.0" encoding="utf-8"?><testsuites name="pytest tests"><testsuite name="pytest" errors="0" failures="0" skipped="0" tests="21" time="6.271" timestamp="2026-01-31T14:56:32.879249+00:00" hostname="agent-env-e16b9a61-ae7c-4166-b54d-5b83fa3b9a3c"><testcase classname="backend.tests.test_race_config.TestRaceConfigAPI" name="test_get_active_race_returns_200" time="0.353" /><testcase classname="backend.tests.test_race_config.TestRaceConfigAPI" name="test_get_active_race_returns_correct_structure" time="0.284" /><testcase classname="backend.tests.test_race_config.TestRaceConfigAPI" name="test_get_active_race_returns_active_race" time="0.284" /><testcase classname="backend.tests.test_race_config.TestRaceConfigAPI" name="test_get_active_race_has_bysd_2026" time="0.288" /><testcase classname="backend.tests.test_race_config.TestRaceConfigAPI" name="test_get_all_races_returns_200" time="0.286" /><testcase classname="backend.tests.test_race_config.TestRaceConfigAPI" name="test_get_all_races_returns_list" time="0.274" /><testcase classname="backend.tests.test_race_config.TestRaceConfigAPI" name="test_get_race_by_code_returns_200" time="0.275" /><testcase classname="backend.tests.test_race_config.TestRaceConfigAPI" name="test_get_race_by_code_returns_correct_data" time="0.281" /><testcase classname="backend.tests.test_race_config.TestRaceConfigAPI" name="test_get_race_by_code_returns_404_for_nonexistent" time="0.320" /><testcase classname="backend.tests.test_race_config.TestRaceConfigAPI" name="test_create_race_without_auth_returns_422" time="0.778" /><testcase classname="backend.tests.test_race_config.TestRaceConfigAPI" name="test_create_race_with_auth_returns_200" time="0.301" /><testcase classname="backend.tests.test_race_config.TestRaceConfigAPI" name="test_create_race_duplicate_code_returns_400" time="0.317" /><testcase classname="backend.tests.test_race_config.TestRaceConfigAPI" name="test_create_race_missing_required_fields_returns_422" time="0.320" /><testcase classname="backend.tests.test_race_config.TestRaceConfigAPI" name="test_update_race_without_auth_returns_422" time="0.272" /><testcase classname="backend.tests.test_race_config.TestRaceConfigAPI" name="test_update_race_with_auth_returns_200" time="0.335" /><testcase classname="backend.tests.test_race_config.TestRaceConfigAPI" name="test_update_nonexistent_race_returns_404" time="0.327" /><testcase classname="backend.tests.test_race_config.TestRaceConfigAPI" name="test_activate_race_without_auth_returns_422" time="0.275" /><testcase classname="backend.tests.test_race_config.TestRaceConfigAPI" name="test_activate_nonexistent_race_returns_404" time="0.311" /><testcase classname="backend.tests.test_race_config.TestRaceConfigDataIntegrity" name="test_active_race_excludes_mongodb_id" time="0.040" /><testcase classname="backend.tests.test_race_config.TestRaceConfigDataIntegrity" name="test_race_by_code_excludes_mongodb_id" time="0.050" /><testcase classname="backend.tests.test_race_config.TestRaceConfigDataIntegrity" name="test_all_races_exclude_mongodb_id" time="0.078" /></testsuite></testsuites>