<?xml version="1.0" encoding="utf-8"?><testsuites name="pytest tests"><testsuite name="pytest" errors="0" failures="0" skipped="0" tests="20" time="2.674" timestamp="2026-02-02T14:22:07.203313+00:00" hostname="agent-env-4aa0a37a-4bc9-4316-a9e6-7c54fca4c3dc"><testcase classname="backend.tests.test_email_templates.TestEmailTemplatesAPI" name="test_list_all_templates" time="0.122" /><testcase classname="backend.tests.test_email_templates.TestEmailTemplatesAPI" name="test_get_merge_fields" time="0.039" /><testcase classname="backend.tests.test_email_templates.TestEmailTemplatesAPI" name="test_get_specific_template_athlete_registration" time="0.043" /><testcase classname="backend.tests.test_email_templates.TestEmailTemplatesAPI" name="test_get_specific_template_athlete_cancellation" time="0.044" /><testcase classname="backend.tests.test_email_templates.TestEmailTemplatesAPI" name="test_get_specific_template_volunteer_cancellation" time="0.046" /><testcase classname="backend.tests.test_email_templates.TestEmailTemplatesAPI" name="test_get_specific_template_volunteer_verification_code" time="0.041" /><testcase classname="backend.tests.test_email_templates.TestEmailTemplatesAPI" name="test_get_specific_template_volunteer_edit_link" time="0.047" /><testcase classname="backend.tests.test_email_templates.TestEmailTemplatesAPI" name="test_get_specific_template_payment_rejected" time="0.046" /><testcase classname="backend.tests.test_email_templates.TestEmailTemplatesAPI" name="test_get_specific_template_athlete_edit_code" time="0.044" /><testcase classname="backend.tests.test_email_templates.TestEmailTemplatesAPI" name="test_get_nonexistent_template" time="0.038" /><testcase classname="backend.tests.test_email_templates.TestEmailTemplatesAPI" name="test_update_template_subject_and_content" time="0.122" /><testcase classname="backend.tests.test_email_templates.TestEmailTemplatesAPI" name="test_reset_template_to_default" time="0.085" /><testcase classname="backend.tests.test_email_templates.TestEmailTemplatesAPI" name="test_reset_nonexistent_template" time="0.038" /><testcase classname="backend.tests.test_email_templates.TestEmailTemplatesAPI" name="test_preview_template_athlete_registration" time="0.044" /><testcase classname="backend.tests.test_email_templates.TestEmailTemplatesAPI" name="test_preview_template_volunteer_shift" time="0.041" /><testcase classname="backend.tests.test_email_templates.TestEmailTemplatesAPI" name="test_preview_nonexistent_template" time="0.043" /><testcase classname="backend.tests.test_email_templates.TestEmailTemplatesAPI" name="test_send_test_email" time="1.321" /><testcase classname="backend.tests.test_email_templates.TestEmailTemplatesAPI" name="test_send_test_email_nonexistent_template" time="0.040" /><testcase classname="backend.tests.test_email_templates.TestEmailTemplatesAPI" name="test_template_categories_distribution" time="0.040" /><testcase classname="backend.tests.test_email_templates.TestEmailTemplatesAPI" name="test_new_templates_have_correct_merge_sources" time="0.245" /></testsuite></testsuites>