<?xml version="1.0" encoding="utf-8"?><testsuites name="pytest tests"><testsuite name="pytest" errors="0" failures="0" skipped="0" tests="13" time="1.679" timestamp="2026-02-01T22:07:08.417480+00:00" hostname="agent-env-fdb54ea1-eecc-4cce-8659-116542acd550"><testcase classname="backend.tests.test_payment_reminder_receipt.TestActiveAthletesCount" name="test_get_active_athletes_count_success" time="0.120" /><testcase classname="backend.tests.test_payment_reminder_receipt.TestActiveAthletesCount" name="test_get_active_athletes_count_invalid_race" time="0.043" /><testcase classname="backend.tests.test_payment_reminder_receipt.TestPaymentInfo" name="test_get_payment_info_success" time="0.037" /><testcase classname="backend.tests.test_payment_reminder_receipt.TestPaymentInfo" name="test_get_payment_info_invalid_token" time="0.045" /><testcase classname="backend.tests.test_payment_reminder_receipt.TestPendingReceipts" name="test_get_pending_receipts_success" time="0.042" /><testcase classname="backend.tests.test_payment_reminder_receipt.TestSubmitPaymentReceipt" name="test_submit_receipt_missing_file" time="0.048" /><testcase classname="backend.tests.test_payment_reminder_receipt.TestSubmitPaymentReceipt" name="test_submit_receipt_invalid_token" time="0.037" /><testcase classname="backend.tests.test_payment_reminder_receipt.TestReviewReceipt" name="test_review_receipt_no_receipt" time="0.043" /><testcase classname="backend.tests.test_payment_reminder_receipt.TestReviewReceipt" name="test_review_receipt_invalid_email" time="0.042" /><testcase classname="backend.tests.test_payment_reminder_receipt.TestSendPaymentReminder" name="test_send_reminder_invalid_race" time="0.044" /><testcase classname="backend.tests.test_payment_reminder_receipt.TestSendPaymentReminder" name="test_send_reminder_success" time="0.907" /><testcase classname="backend.tests.test_payment_reminder_receipt.TestRaceConfigTimezone" name="test_race_config_has_timezone" time="0.043" /><testcase classname="backend.tests.test_payment_reminder_receipt.TestEndToEndPaymentFlow" name="test_full_payment_info_flow" time="0.118" /></testsuite></testsuites>