<?xml version="1.0" encoding="utf-8"?><testsuites name="pytest tests"><testsuite name="pytest" errors="0" failures="0" skipped="0" tests="13" time="0.766" timestamp="2026-02-02T02:40:23.409499+00:00" hostname="agent-env-84eebc4e-1083-4897-9cbc-434e842bdd39"><testcase classname="backend.tests.test_cancel_registration.TestAthleteRegistrationCancellation" name="test_cancel_athlete_with_invalid_token" time="0.113" /><testcase classname="backend.tests.test_cancel_registration.TestAthleteRegistrationCancellation" name="test_cancel_athlete_missing_reason" time="0.039" /><testcase classname="backend.tests.test_cancel_registration.TestAthleteRegistrationCancellation" name="test_cancel_athlete_with_valid_token" time="0.078" /><testcase classname="backend.tests.test_cancel_registration.TestAthleteRegistrationCancellation" name="test_cancel_athlete_with_other_reason" time="0.044" /><testcase classname="backend.tests.test_cancel_registration.TestVolunteerRegistrationCancellation" name="test_cancel_volunteer_with_invalid_token" time="0.040" /><testcase classname="backend.tests.test_cancel_registration.TestVolunteerRegistrationCancellation" name="test_cancel_volunteer_missing_reason" time="0.039" /><testcase classname="backend.tests.test_cancel_registration.TestVolunteerRegistrationCancellation" name="test_cancel_volunteer_with_other_reason" time="0.045" /><testcase classname="backend.tests.test_cancel_registration.TestCancelRegistrationPage" name="test_athlete_registration_lookup_invalid_token" time="0.042" /><testcase classname="backend.tests.test_cancel_registration.TestCancelRegistrationPage" name="test_volunteer_registration_lookup_invalid_token" time="0.036" /><testcase classname="backend.tests.test_cancel_registration.TestCancelRegistrationPage" name="test_cancellation_reasons_list" time="0.000" /><testcase classname="backend.tests.test_cancel_registration.TestCancellationEndpointStructure" name="test_athlete_cancel_endpoint_exists" time="0.036" /><testcase classname="backend.tests.test_cancel_registration.TestCancellationEndpointStructure" name="test_volunteer_cancel_endpoint_exists" time="0.038" /><testcase classname="backend.tests.test_cancel_registration.TestCancellationEndpointStructure" name="test_cancel_response_format" time="0.036" /></testsuite></testsuites>