<?xml version="1.0" encoding="utf-8"?><testsuites name="pytest tests"><testsuite name="pytest" errors="0" failures="0" skipped="0" tests="10" time="2.417" timestamp="2026-03-12T00:45:01.004423+00:00" hostname="agent-env-4bf86ad0-20e1-4fa2-8d6d-b3fef9ba8c44"><testcase classname="backend.tests.test_2026_results_admin.TestAdmin2026Results" name="test_admin_get_2026_results_returns_all_participants" time="0.599" /><testcase classname="backend.tests.test_2026_results_admin.TestAdmin2026Results" name="test_admin_get_2026_results_has_correct_claim_statuses" time="0.151" /><testcase classname="backend.tests.test_2026_results_admin.TestAdmin2026Results" name="test_admin_get_2026_results_shows_athlete_info_for_claimed" time="0.128" /><testcase classname="backend.tests.test_2026_results_admin.TestAdmin2026Results" name="test_admin_get_2026_results_orphaned_claims_show_huerfano" time="0.152" /><testcase classname="backend.tests.test_2026_results_admin.TestAdmin2026Results" name="test_admin_get_2026_results_unauthorized_without_token" time="0.202" /><testcase classname="backend.tests.test_2026_results_admin.TestAdmin2026Results" name="test_admin_get_2026_results_unauthorized_with_invalid_token" time="0.185" /><testcase classname="backend.tests.test_2026_results_admin.TestAdmin2026Results" name="test_admin_unclaim_2026_success" time="0.414" /><testcase classname="backend.tests.test_2026_results_admin.TestAdmin2026Results" name="test_admin_unclaim_2026_removes_from_athlete_claimed_results" time="0.137" /><testcase classname="backend.tests.test_2026_results_admin.TestAdmin2026Results" name="test_admin_unclaim_2026_not_found" time="0.157" /><testcase classname="backend.tests.test_2026_results_admin.TestAdmin2026Results" name="test_admin_unclaim_2026_unauthorized" time="0.179" /></testsuite></testsuites>