<?xml version="1.0" encoding="utf-8"?><testsuites name="pytest tests"><testsuite name="pytest" errors="0" failures="1" skipped="0" tests="14" time="57.907" timestamp="2026-01-17T05:28:40.141419+00:00" hostname="agent-env-15ef6ac5-343d-4ea6-a188-2ee6d04520b9"><testcase classname="tests.test_race_winner.TestAdminAuth" name="test_admin_login_success" time="0.301" /><testcase classname="tests.test_race_winner.TestAdminAuth" name="test_admin_login_invalid_credentials" time="0.041" /><testcase classname="tests.test_race_winner.TestRaceStats" name="test_get_stats_initial_state" time="0.040" /><testcase classname="tests.test_race_winner.TestRaceStats" name="test_winner_null_with_multiple_active" time="0.042" /><testcase classname="tests.test_race_winner.TestParticipants" name="test_get_all_participants" time="0.037" /><testcase classname="tests.test_race_winner.TestParticipants" name="test_filter_active_participants" time="0.040" /><testcase classname="tests.test_race_winner.TestParticipants" name="test_filter_retired_participants" time="0.043" /><testcase classname="tests.test_race_winner.TestWinnerLogic" name="test_complete_lap_all_active" time="0.431" /><testcase classname="tests.test_race_winner.TestWinnerLogic" name="test_mark_retired" time="0.502" /><testcase classname="tests.test_race_winner.TestWinnerLogic" name="test_mark_retired_already_retired" time="0.415" /><testcase classname="tests.test_race_winner.TestWinnerScenario" name="test_winner_scenario_simulation" time="55.692"><failure message="AssertionError: Winner should be detected after final lap&#10;assert None is not None">tests/test_race_winner.py:337: in test_winner_scenario_simulation
    assert stats_final['winner'] is not None, "Winner should be detected after final lap"
E   AssertionError: Winner should be detected after final lap
E   assert None is not None</failure></testcase><testcase classname="tests.test_race_winner.TestUnauthorizedAccess" name="test_complete_lap_unauthorized" time="0.037" /><testcase classname="tests.test_race_winner.TestUnauthorizedAccess" name="test_mark_retired_unauthorized" time="0.039" /><testcase classname="tests.test_race_winner.TestUnauthorizedAccess" name="test_set_current_lap_unauthorized" time="0.036" /></testsuite></testsuites>