<?xml version="1.0" encoding="utf-8"?><testsuites name="pytest tests"><testsuite name="pytest" errors="0" failures="4" skipped="0" tests="27" time="8.038" timestamp="2026-01-31T18:14:46.716691+00:00" hostname="agent-env-a5930e45-57c0-43ad-b215-3fdd6061cab2"><testcase classname="backend.tests.test_race_code_scoped_endpoints.TestRaceCodeScopedEndpoints" name="test_reset_database_requires_confirmation" time="0.322" /><testcase classname="backend.tests.test_race_code_scoped_endpoints.TestRaceCodeScopedEndpoints" name="test_reset_database_returns_race_code" time="0.279" /><testcase classname="backend.tests.test_race_code_scoped_endpoints.TestRaceCodeScopedEndpoints" name="test_reset_database_scoped_to_active_race" time="0.272" /><testcase classname="backend.tests.test_race_code_scoped_endpoints.TestRaceCodeScopedEndpoints" name="test_reset_cheers_requires_confirmation" time="0.273" /><testcase classname="backend.tests.test_race_code_scoped_endpoints.TestRaceCodeScopedEndpoints" name="test_reset_cheers_returns_race_code" time="0.271" /><testcase classname="backend.tests.test_race_code_scoped_endpoints.TestRaceCodeScopedEndpoints" name="test_reset_subscriptions_requires_confirmation" time="0.315" /><testcase classname="backend.tests.test_race_code_scoped_endpoints.TestRaceCodeScopedEndpoints" name="test_reset_subscriptions_returns_race_code" time="0.311" /><testcase classname="backend.tests.test_race_code_scoped_endpoints.TestRaceCodeScopedEndpoints" name="test_subscribe_includes_race_code" time="0.320"><failure message="assert 520 == 200&#10; +  where 520 = &lt;Response [520]&gt;.status_code">backend/tests/test_race_code_scoped_endpoints.py:166: in test_subscribe_includes_race_code
    assert response.status_code == 200
E   assert 520 == 200
E    +  where 520 = &lt;Response [520]&gt;.status_code</failure></testcase><testcase classname="backend.tests.test_race_code_scoped_endpoints.TestRaceCodeScopedEndpoints" name="test_subscribe_update_existing" time="0.276"><failure message="assert 520 == 200&#10; +  where 520 = &lt;Response [520]&gt;.status_code">backend/tests/test_race_code_scoped_endpoints.py:191: in test_subscribe_update_existing
    assert response1.status_code == 200
E   assert 520 == 200
E    +  where 520 = &lt;Response [520]&gt;.status_code</failure></testcase><testcase classname="backend.tests.test_race_code_scoped_endpoints.TestRaceCodeScopedEndpoints" name="test_cheer_includes_race_code" time="0.731" /><testcase classname="backend.tests.test_race_code_scoped_endpoints.TestRaceCodeScopedEndpoints" name="test_cheer_validates_message_length" time="0.276" /><testcase classname="backend.tests.test_race_code_scoped_endpoints.TestRaceCodeScopedEndpoints" name="test_cheer_validates_fan_name_length" time="0.277" /><testcase classname="backend.tests.test_race_code_scoped_endpoints.TestRaceCodeScopedEndpoints" name="test_cheer_validates_athlete_exists" time="0.283" /><testcase classname="backend.tests.test_race_code_scoped_endpoints.TestRaceCodeScopedEndpoints" name="test_send_runner_emails_requires_auth" time="0.310" /><testcase classname="backend.tests.test_race_code_scoped_endpoints.TestRaceCodeScopedEndpoints" name="test_send_runner_emails_returns_race_code" time="1.137" /><testcase classname="backend.tests.test_race_code_scoped_endpoints.TestRaceCodeScopedEndpoints" name="test_full_flow_subscribe_cheer_reset" time="0.293"><failure message="assert 520 == 200&#10; +  where 520 = &lt;Response [520]&gt;.status_code">backend/tests/test_race_code_scoped_endpoints.py:338: in test_full_flow_subscribe_cheer_reset
    assert sub_response.status_code == 200
E   assert 520 == 200
E    +  where 520 = &lt;Response [520]&gt;.status_code</failure></testcase><testcase classname="backend.tests.test_race_code_scoped_endpoints.TestRaceCodeScopedEndpoints" name="test_stats_after_reset_database" time="0.277" /><testcase classname="backend.tests.test_race_code_scoped_endpoints.TestRaceCodeScopedEndpoints" name="test_participants_after_reset_database" time="0.269" /><testcase classname="backend.tests.test_race_code_scoped_endpoints.TestEndpointAuthentication" name="test_reset_database_requires_auth" time="0.039" /><testcase classname="backend.tests.test_race_code_scoped_endpoints.TestEndpointAuthentication" name="test_reset_cheers_requires_auth" time="0.038" /><testcase classname="backend.tests.test_race_code_scoped_endpoints.TestEndpointAuthentication" name="test_reset_subscriptions_requires_auth" time="0.037" /><testcase classname="backend.tests.test_race_code_scoped_endpoints.TestEndpointAuthentication" name="test_subscribe_no_auth_required" time="0.039"><failure message="assert 520 == 200&#10; +  where 520 = &lt;Response [520]&gt;.status_code">backend/tests/test_race_code_scoped_endpoints.py:472: in test_subscribe_no_auth_required
    assert response.status_code == 200
E   assert 520 == 200
E    +  where 520 = &lt;Response [520]&gt;.status_code</failure></testcase><testcase classname="backend.tests.test_race_code_scoped_endpoints.TestEndpointAuthentication" name="test_cheer_no_auth_required" time="0.143" /><testcase classname="backend.tests.test_race_code_scoped_endpoints.TestErrorHandling" name="test_subscribe_empty_athletes" time="0.268" /><testcase classname="backend.tests.test_race_code_scoped_endpoints.TestErrorHandling" name="test_reset_database_empty_confirmation" time="0.317" /><testcase classname="backend.tests.test_race_code_scoped_endpoints.TestErrorHandling" name="test_reset_cheers_empty_confirmation" time="0.267" /><testcase classname="backend.tests.test_race_code_scoped_endpoints.TestErrorHandling" name="test_reset_subscriptions_empty_confirmation" time="0.268" /></testsuite></testsuites>